{"uid":"cc80ce588e14e142","name":"Verify retrieving profile with invalid token should return Unauthorized","fullName":"org.api.tests.UserManagementTest.getProfileWithInvalidTokenShouldReturnUnauthorized","historyId":"62693ecff3b630634f06d05d771538e6","time":{"start":1755461896129,"stop":1755461896563,"duration":434},"description":"This test case verifies that retrieving a user profile with an invalid token returns a 401 Unauthorized status.","descriptionHtml":"<p>This test case verifies that retrieving a user profile with an invalid token returns a 401 Unauthorized status.</p>\n","status":"failed","statusMessage":"expected [401] but found [500]","statusTrace":"java.lang.AssertionError: expected [401] but found [500]\n\tat org.testng.Assert.fail(Assert.java:111)\n\tat org.testng.Assert.failNotEquals(Assert.java:1590)\n\tat org.testng.Assert.assertEqualsImpl(Assert.java:150)\n\tat org.testng.Assert.assertEquals(Assert.java:132)\n\tat org.testng.Assert.assertEquals(Assert.java:1431)\n\tat org.testng.Assert.assertEquals(Assert.java:1395)\n\tat org.testng.Assert.assertEquals(Assert.java:1441)\n\tat org.api.tests.UserManagementTest.getProfileWithInvalidTokenShouldReturnUnauthorized(UserManagementTest.java:89)\n\tat java.base/jdk.internal.reflect.DirectMethodHandleAccessor.invoke(DirectMethodHandleAccessor.java:103)\n\tat java.base/java.lang.reflect.Method.invoke(Method.java:580)\n\tat org.testng.internal.invokers.MethodInvocationHelper.invokeMethod(MethodInvocationHelper.java:141)\n\tat org.testng.internal.invokers.TestInvoker.invokeMethod(TestInvoker.java:687)\n\tat org.testng.internal.invokers.TestInvoker.invokeTestMethod(TestInvoker.java:230)\n\tat org.testng.internal.invokers.MethodRunner.runInSequence(MethodRunner.java:63)\n\tat org.testng.internal.invokers.TestInvoker$MethodInvocationAgent.invoke(TestInvoker.java:995)\n\tat org.testng.internal.invokers.TestInvoker.invokeTestMethods(TestInvoker.java:203)\n\tat org.testng.internal.invokers.TestMethodWorker.invokeTestMethods(TestMethodWorker.java:154)\n\tat org.testng.internal.invokers.TestMethodWorker.run(TestMethodWorker.java:134)\n\tat java.base/java.util.ArrayList.forEach(ArrayList.java:1596)\n\tat org.testng.TestRunner.privateRun(TestRunner.java:741)\n\tat org.testng.TestRunner.run(TestRunner.java:616)\n\tat org.testng.SuiteRunner.runTest(SuiteRunner.java:421)\n\tat org.testng.SuiteRunner.runSequentially(SuiteRunner.java:413)\n\tat org.testng.SuiteRunner.privateRun(SuiteRunner.java:373)\n\tat org.testng.SuiteRunner.run(SuiteRunner.java:312)\n\tat org.testng.SuiteRunnerWorker.runSuite(SuiteRunnerWorker.java:52)\n\tat org.testng.SuiteRunnerWorker.run(SuiteRunnerWorker.java:95)\n\tat org.testng.TestNG.runSuitesSequentially(TestNG.java:1274)\n\tat org.testng.TestNG.runSuitesLocally(TestNG.java:1208)\n\tat org.testng.TestNG.runSuites(TestNG.java:1112)\n\tat org.testng.TestNG.run(TestNG.java:1079)\n\tat org.apache.maven.surefire.testng.TestNGExecutor.run(TestNGExecutor.java:324)\n\tat org.apache.maven.surefire.testng.TestNGXmlTestSuite.execute(TestNGXmlTestSuite.java:74)\n\tat org.apache.maven.surefire.testng.TestNGProvider.invoke(TestNGProvider.java:123)\n\tat org.apache.maven.surefire.booter.ForkedBooter.runSuitesInProcess(ForkedBooter.java:456)\n\tat org.apache.maven.surefire.booter.ForkedBooter.execute(ForkedBooter.java:169)\n\tat org.apache.maven.surefire.booter.ForkedBooter.run(ForkedBooter.java:595)\n\tat org.apache.maven.surefire.booter.ForkedBooter.main(ForkedBooter.java:581)\n","flaky":false,"newFailed":false,"newBroken":false,"newPassed":false,"retriesCount":0,"retriesStatusChange":false,"beforeStages":[],"testStage":{"description":"This test case verifies that retrieving a user profile with an invalid token returns a 401 Unauthorized status.","status":"failed","statusMessage":"expected [401] but found [500]","statusTrace":"java.lang.AssertionError: expected [401] but found [500]\n\tat org.testng.Assert.fail(Assert.java:111)\n\tat org.testng.Assert.failNotEquals(Assert.java:1590)\n\tat org.testng.Assert.assertEqualsImpl(Assert.java:150)\n\tat org.testng.Assert.assertEquals(Assert.java:132)\n\tat org.testng.Assert.assertEquals(Assert.java:1431)\n\tat org.testng.Assert.assertEquals(Assert.java:1395)\n\tat org.testng.Assert.assertEquals(Assert.java:1441)\n\tat org.api.tests.UserManagementTest.getProfileWithInvalidTokenShouldReturnUnauthorized(UserManagementTest.java:89)\n\tat java.base/jdk.internal.reflect.DirectMethodHandleAccessor.invoke(DirectMethodHandleAccessor.java:103)\n\tat java.base/java.lang.reflect.Method.invoke(Method.java:580)\n\tat org.testng.internal.invokers.MethodInvocationHelper.invokeMethod(MethodInvocationHelper.java:141)\n\tat org.testng.internal.invokers.TestInvoker.invokeMethod(TestInvoker.java:687)\n\tat org.testng.internal.invokers.TestInvoker.invokeTestMethod(TestInvoker.java:230)\n\tat org.testng.internal.invokers.MethodRunner.runInSequence(MethodRunner.java:63)\n\tat org.testng.internal.invokers.TestInvoker$MethodInvocationAgent.invoke(TestInvoker.java:995)\n\tat org.testng.internal.invokers.TestInvoker.invokeTestMethods(TestInvoker.java:203)\n\tat org.testng.internal.invokers.TestMethodWorker.invokeTestMethods(TestMethodWorker.java:154)\n\tat org.testng.internal.invokers.TestMethodWorker.run(TestMethodWorker.java:134)\n\tat java.base/java.util.ArrayList.forEach(ArrayList.java:1596)\n\tat org.testng.TestRunner.privateRun(TestRunner.java:741)\n\tat org.testng.TestRunner.run(TestRunner.java:616)\n\tat org.testng.SuiteRunner.runTest(SuiteRunner.java:421)\n\tat org.testng.SuiteRunner.runSequentially(SuiteRunner.java:413)\n\tat org.testng.SuiteRunner.privateRun(SuiteRunner.java:373)\n\tat org.testng.SuiteRunner.run(SuiteRunner.java:312)\n\tat org.testng.SuiteRunnerWorker.runSuite(SuiteRunnerWorker.java:52)\n\tat org.testng.SuiteRunnerWorker.run(SuiteRunnerWorker.java:95)\n\tat org.testng.TestNG.runSuitesSequentially(TestNG.java:1274)\n\tat org.testng.TestNG.runSuitesLocally(TestNG.java:1208)\n\tat org.testng.TestNG.runSuites(TestNG.java:1112)\n\tat org.testng.TestNG.run(TestNG.java:1079)\n\tat org.apache.maven.surefire.testng.TestNGExecutor.run(TestNGExecutor.java:324)\n\tat org.apache.maven.surefire.testng.TestNGXmlTestSuite.execute(TestNGXmlTestSuite.java:74)\n\tat org.apache.maven.surefire.testng.TestNGProvider.invoke(TestNGProvider.java:123)\n\tat org.apache.maven.surefire.booter.ForkedBooter.runSuitesInProcess(ForkedBooter.java:456)\n\tat org.apache.maven.surefire.booter.ForkedBooter.execute(ForkedBooter.java:169)\n\tat org.apache.maven.surefire.booter.ForkedBooter.run(ForkedBooter.java:595)\n\tat org.apache.maven.surefire.booter.ForkedBooter.main(ForkedBooter.java:581)\n","steps":[],"attachments":[{"uid":"ea1d010ceb85ba82","name":"Request","source":"ea1d010ceb85ba82.html","type":"text/html","size":494},{"uid":"9e16061526ef3e8a","name":"HTTP/1.1 500 ","source":"9e16061526ef3e8a.html","type":"text/html","size":1404}],"parameters":[],"shouldDisplayMessage":true,"stepsCount":0,"attachmentsCount":2,"hasContent":true},"afterStages":[],"labels":[{"name":"package","value":"org.api.tests.UserManagementTest"},{"name":"testClass","value":"org.api.tests.UserManagementTest"},{"name":"testMethod","value":"getProfileWithInvalidTokenShouldReturnUnauthorized"},{"name":"parentSuite","value":"API Test Suite"},{"name":"suite","value":"API Test"},{"name":"subSuite","value":"org.api.tests.UserManagementTest"},{"name":"host","value":"pkrvmubgrv54qmi"},{"name":"thread","value":"2480@pkrvmubgrv54qmi.main(1)"},{"name":"framework","value":"testng"},{"name":"language","value":"java"},{"name":"story","value":"Get User Profile with Invalid Token"},{"name":"feature","value":"User Profile Service"},{"name":"epic","value":"User Management"},{"name":"severity","value":"critical"},{"name":"resultFormat","value":"allure2"}],"parameters":[],"links":[],"hidden":false,"retry":false,"extra":{"severity":"critical","retries":[],"categories":[{"name":"Product defects","matchedStatuses":[],"flaky":false}],"history":{"statistic":{"failed":5,"broken":0,"skipped":0,"passed":0,"unknown":3,"total":8},"items":[{"uid":"7ab1ba1fee708230","reportUrl":"https://rangegowdaym.github.io/apiassured/15//#testresult/7ab1ba1fee708230","status":"failed","statusDetails":"expected [401] but found [500]","time":{"start":1755375410305,"stop":1755375410786,"duration":481}},{"uid":"6063fe5186cec00f","reportUrl":"https://rangegowdaym.github.io/apiassured/14//#testresult/6063fe5186cec00f","status":"failed","statusDetails":"expected [401] but found [500]","time":{"start":1755289086940,"stop":1755289087374,"duration":434}},{"uid":"6061537ae6d2d9aa","reportUrl":"https://rangegowdaym.github.io/apiassured/13//#testresult/6061537ae6d2d9aa","status":"failed","statusDetails":"expected [401] but found [500]","time":{"start":1755279540364,"stop":1755279540795,"duration":431}},{"uid":"b4796fe9e137a42f","reportUrl":"https://rangegowdaym.github.io/apiassured/10//#testresult/b4796fe9e137a42f","status":"failed","statusDetails":"expected [401] but found [500]","time":{"start":1755273345534,"stop":1755273346011,"duration":477}},{"uid":"2f79441bf3073bb9","reportUrl":"https://rangegowdaym.github.io/apiassured/9//#testresult/2f79441bf3073bb9","status":"unknown","time":{"start":1755270222350,"stop":1755270222350,"duration":0}},{"uid":"efa11ea041387888","reportUrl":"https://rangegowdaym.github.io/apiassured/8//#testresult/efa11ea041387888","status":"unknown","time":{"start":1755269375289,"stop":1755269375291,"duration":2}},{"uid":"f928fe77c76ae218","reportUrl":"https://rangegowdaym.github.io/apiassured/7//#testresult/f928fe77c76ae218","status":"unknown","time":{"start":1755267169532,"stop":1755267169532,"duration":0}}]},"tags":[]},"source":"cc80ce588e14e142.json","parameterValues":[]}